Stage-2/eyeofgod/build/app/intermediates/manifest_merge_blame_file/debug/manifest-merger-blame-debug-report.txt
1<?xml version="1.0" encoding="utf-8"?>
2<manifest xmlns:android="http://schemas.android.com/apk/res/android"
3    package="com.example.eyeofgod"
4    android:versionCode="1"
5    android:versionName="1.0.0" >
6
7    <uses-sdk
8        android:minSdkVersion="21"
9        android:targetSdkVersion="30" />
10    <!--
11         Flutter needs it to communicate with the running application
12         to allow setting breakpoints, to provide hot reload, etc.
13    -->
14    <uses-permission android:name="android.permission.INTERNET" />
14-->src\main\AndroidManifest.xml:3:5-66
14-->src\main\AndroidManifest.xml:3:22-64
15    <uses-permission android:name="android.permission.ACCESS_FINE_LOCATION" />
15-->src\main\AndroidManifest.xml:4:5-78
15-->src\main\AndroidManifest.xml:4:22-76
16    <uses-permission android:name="android.permission.RECORD_AUDIO" />
16-->src\main\AndroidManifest.xml:5:5-70
16-->src\main\AndroidManifest.xml:5:22-68
17    <uses-permission android:name="android.permission.READ_EXTERNAL_STORAGE" />
17-->[:image_picker] AndroidManifest.xml:7:5-80
17-->[:image_picker] AndroidManifest.xml:7:22-77
18    <uses-permission android:name="android.permission.WRITE_EXTERNAL_STORAGE" />
18-->[:image_picker] AndroidManifest.xml:8:5-81
18-->[:image_picker] AndroidManifest.xml:8:22-78
19    <uses-permission android:name="android.permission.BLUETOOTH" />
19-->[:flutter_bluetooth_serial] AndroidManifest.xml:7:5-68
19-->[:flutter_bluetooth_serial] AndroidManifest.xml:7:22-65
20    <uses-permission android:name="android.permission.BLUETOOTH_ADMIN" />
20-->[:flutter_bluetooth_serial] AndroidManifest.xml:8:5-74
20-->[:flutter_bluetooth_serial] AndroidManifest.xml:8:22-71
21    <uses-permission android:name="android.permission.ACCESS_COARSE_LOCATION" />
21-->[:flutter_bluetooth_serial] AndroidManifest.xml:9:5-81
21-->[:flutter_bluetooth_serial] AndroidManifest.xml:9:22-78
22    <uses-permission android:name="android.permission.CAMERA" />
22-->[:camera] AndroidManifest.xml:7:5-65
22-->[:camera] AndroidManifest.xml:7:22-62
23    <uses-permission android:name="android.permission.ACCESS_NETWORK_STATE" />
23-->[:connectivity] AndroidManifest.xml:7:5-79
23-->[:connectivity] AndroidManifest.xml:7:22-76
24
25    <uses-feature
25-->[com.google.android.gms:play-services-maps:17.0.0] AndroidManifest.xml:26:5-28:35
26        android:glEsVersion="0x00020000"
26-->[com.google.android.gms:play-services-maps:17.0.0] AndroidManifest.xml:27:9-41
27        android:required="true" />
27-->[com.google.android.gms:play-services-maps:17.0.0] AndroidManifest.xml:28:9-32
28
29    <application
29-->src\main\AndroidManifest.xml:7:4-46:19
30        android:appComponentFactory="androidx.core.app.CoreComponentFactory"
30-->[androidx.core:core:1.3.2] AndroidManifest.xml:24:18-86
31        android:debuggable="true"
32        android:icon="@mipmap/ic_launcher"
32-->src\main\AndroidManifest.xml:9:9-43
33        android:label="eyeofgod"
33-->src\main\AndroidManifest.xml:8:9-33
34        android:usesCleartextTraffic="true" >
34-->src\debug\AndroidManifest.xml:8:9-44
35        <meta-data
35-->src\main\AndroidManifest.xml:10:10-11:69
36            android:name="com.google.android.geo.API_KEY"
36-->src\main\AndroidManifest.xml:10:21-66
37            android:value="AIzaSyA7Dfm5_owPuczra0Ey8TsE92PDf1-RC8s" />
37-->src\main\AndroidManifest.xml:11:12-67
38
39        <activity
39-->src\main\AndroidManifest.xml:12:9-40:20
40            android:name="com.example.eyeofgod.MainActivity"
40-->src\main\AndroidManifest.xml:13:13-41
41            android:configChanges="orientation|keyboardHidden|keyboard|screenSize|smallestScreenSize|locale|layoutDirection|fontScale|screenLayout|density|uiMode"
41-->src\main\AndroidManifest.xml:16:13-163
42            android:hardwareAccelerated="true"
42-->src\main\AndroidManifest.xml:17:13-47
43            android:launchMode="singleTop"
43-->src\main\AndroidManifest.xml:14:13-43
44            android:theme="@style/LaunchTheme"
44-->src\main\AndroidManifest.xml:15:13-47
45            android:windowSoftInputMode="adjustResize" >
45-->src\main\AndroidManifest.xml:18:13-55
46
47            <!--
48                 Specifies an Android theme to apply to this Activity as soon as
49                 the Android process has started. This theme is visible to the user
50                 while the Flutter UI initializes. After that, this theme continues
51                 to determine the Window background behind the Flutter UI.
52            -->
53            <meta-data
53-->src\main\AndroidManifest.xml:23:13-26:17
54                android:name="io.flutter.embedding.android.NormalTheme"
54-->src\main\AndroidManifest.xml:24:15-70
55                android:resource="@style/NormalTheme" />
55-->src\main\AndroidManifest.xml:25:15-52
56            <!--
57                 Displays an Android View that continues showing the launch screen
58                 Drawable until Flutter paints its first frame, then this splash
59                 screen fades out. A splash screen is useful to avoid any visual
60                 gap between the end of Android's launch screen and the painting of
61                 Flutter's first frame.
62            -->
63            <meta-data
63-->src\main\AndroidManifest.xml:32:13-35:17
64                android:name="io.flutter.embedding.android.SplashScreenDrawable"
64-->src\main\AndroidManifest.xml:33:15-79
65                android:resource="@drawable/launch_background" />
65-->src\main\AndroidManifest.xml:34:15-61
66
67            <intent-filter>
67-->src\main\AndroidManifest.xml:36:13-39:29
68                <action android:name="android.intent.action.MAIN" />
68-->src\main\AndroidManifest.xml:37:17-68
68-->src\main\AndroidManifest.xml:37:25-66
69
70                <category android:name="android.intent.category.LAUNCHER" />
70-->src\main\AndroidManifest.xml:38:17-76
70-->src\main\AndroidManifest.xml:38:27-74
71            </intent-filter>
72        </activity>
73        <!--
74 Don't delete the meta-data below.
75             This is used by the Flutter tool to generate GeneratedPluginRegistrant.java
76        -->
77        <meta-data
77-->src\main\AndroidManifest.xml:43:9-45:33
78            android:name="flutterEmbedding"
78-->src\main\AndroidManifest.xml:44:13-44
79            android:value="2" />
79-->src\main\AndroidManifest.xml:45:13-30
80
81        <provider
81-->[:image_picker] AndroidManifest.xml:11:9-19:20
82            android:name="io.flutter.plugins.imagepicker.ImagePickerFileProvider"
82-->[:image_picker] AndroidManifest.xml:12:13-82
83            android:authorities="com.example.eyeofgod.flutter.image_provider"
83-->[:image_picker] AndroidManifest.xml:13:13-74
84            android:exported="false"
84-->[:image_picker] AndroidManifest.xml:14:13-37
85            android:grantUriPermissions="true" >
85-->[:image_picker] AndroidManifest.xml:15:13-47
86            <meta-data
86-->[:image_picker] AndroidManifest.xml:16:13-18:75
87                android:name="android.support.FILE_PROVIDER_PATHS"
87-->[:image_picker] AndroidManifest.xml:17:17-67
88                android:resource="@xml/flutter_image_picker_file_paths" />
88-->[:image_picker] AndroidManifest.xml:18:17-72
89        </provider>
90
91        <service
91-->[:location] AndroidManifest.xml:11:9-15:56
92            android:name="com.lyokone.location.FlutterLocationService"
92-->[:location] AndroidManifest.xml:12:13-71
93            android:enabled="true"
93-->[:location] AndroidManifest.xml:13:13-35
94            android:exported="false"
94-->[:location] AndroidManifest.xml:14:13-37
95            android:foregroundServiceType="location" /> <!-- Needs to be explicitly declared on P+ -->
95-->[:location] AndroidManifest.xml:15:13-53
96        <uses-library
96-->[com.google.android.gms:play-services-maps:17.0.0] AndroidManifest.xml:33:9-35:40
97            android:name="org.apache.http.legacy"
97-->[com.google.android.gms:play-services-maps:17.0.0] AndroidManifest.xml:34:13-50
98            android:required="false" />
98-->[com.google.android.gms:play-services-maps:17.0.0] AndroidManifest.xml:35:13-37
99
100        <activity
100-->[com.google.android.gms:play-services-base:17.0.0] AndroidManifest.xml:23:9-26:75
101            android:name="com.google.android.gms.common.api.GoogleApiActivity"
101-->[com.google.android.gms:play-services-base:17.0.0] AndroidManifest.xml:24:13-79
102            android:exported="false"
102-->[com.google.android.gms:play-services-base:17.0.0] AndroidManifest.xml:25:13-37
103            android:theme="@android:style/Theme.Translucent.NoTitleBar" />
103-->[com.google.android.gms:play-services-base:17.0.0] AndroidManifest.xml:26:13-72
104
105        <meta-data
105-->[com.google.android.gms:play-services-basement:17.0.0] AndroidManifest.xml:23:9-25:69
106            android:name="com.google.android.gms.version"
106-->[com.google.android.gms:play-services-basement:17.0.0] AndroidManifest.xml:24:13-58
107            android:value="@integer/google_play_services_version" />
107-->[com.google.android.gms:play-services-basement:17.0.0] AndroidManifest.xml:25:13-66
108    </application>
109
110</manifest>